<?xml version="1.0" encoding="UTF-8"?>
<!-- Generated by org.testng.reporters.JUnitReportReporter -->
<testsuite hostname="DESKTOP-7BQL62S" failures="0" tests="3" name="day36.Grouping" time="0.023" errors="0" timestamp="2023-03-23T16:58:53 IST" skipped="0">
  <testcase classname="day36.Grouping" name="signupbyfacebook" time="0.014"/>
  <system-out/>
  <testcase classname="day36.Grouping" name="signupbytwitter" time="0.006"/>
  <system-out/>
  <testcase classname="day36.Grouping" name="paymentReturnbyBank" time="0.003"/>
  <system-out/>
</testsuite> <!-- day36.Grouping -->
