<?xml version="1.0" encoding="UTF-8"?>
<!-- Generated by org.testng.reporters.JUnitReportReporter -->
<testsuite hostname="DESKTOP-7BQL62S" failures="0" tests="3" name="day34.ThirdTestCase" time="0.016" errors="0" timestamp="2023-03-23T15:25:20 IST" skipped="0">
  <testcase classname="day34.ThirdTestCase" name="test1" time="0.003"/>
  <system-out/>
  <testcase classname="day34.ThirdTestCase" name="test2" time="0.010"/>
  <system-out/>
  <testcase classname="day34.ThirdTestCase" name="test3" time="0.003"/>
  <system-out/>
</testsuite> <!-- day34.ThirdTestCase -->
