<?xml version="1.0" encoding="UTF-8"?>
<!-- Generated by org.testng.reporters.JUnitReportReporter -->
<testsuite hostname="DESKTOP-7BQL62S" failures="0" tests="3" name="day34.SecondTest" time="16.256" errors="0" timestamp="2023-05-25T14:57:22 IST" skipped="0">
  <testcase classname="day34.SecondTest" name="openApp" time="13.267"/>
  <system-out/>
  <testcase classname="day34.SecondTest" name="login" time="2.710"/>
  <system-out/>
  <testcase classname="day34.SecondTest" name="closeApp" time="0.279"/>
  <system-out/>
</testsuite> <!-- day34.SecondTest -->
